<?xml version="1.0" encoding="UTF-8"?>
<testng-results ignored="0" total="1" passed="1" failed="0" skipped="0">
  <reporter-output>
  </reporter-output>
  <suite started-at="2024-02-21T12:36:08 IST" name="Suite" finished-at="2024-02-21T12:36:17 IST" duration-ms="8759">
    <groups>
    </groups>
    <test started-at="2024-02-21T12:36:08 IST" name="Test" finished-at="2024-02-21T12:36:17 IST" duration-ms="8759">
      <class name="testscripts.TestScript_01">
        <test-method signature="m1()[pri:0, instance:testscripts.TestScript_01@3d680b5a]" started-at="2024-02-21T12:36:08 IST" name="m1" finished-at="2024-02-21T12:36:17 IST" duration-ms="8705" status="PASS">
          <reporter-output>
          </reporter-output>
        </test-method> <!-- m1 -->
      </class> <!-- testscripts.TestScript_01 -->
    </test> <!-- Test -->
  </suite> <!-- Suite -->
</testng-results>
