<?xml version="1.0" encoding="UTF-8"?>
<testng-results ignored="0" total="1" passed="1" failed="0" skipped="0">
  <reporter-output>
  </reporter-output>
  <suite started-at="2024-02-21T12:09:50 IST" name="Default suite" finished-at="2024-02-21T12:09:58 IST" duration-ms="8198">
    <groups>
    </groups>
    <test started-at="2024-02-21T12:09:50 IST" name="Default test" finished-at="2024-02-21T12:09:58 IST" duration-ms="8198">
      <class name="testscripts.TestScript_01">
        <test-method signature="m1()[pri:0, instance:testscripts.TestScript_01@4229bb3f]" started-at="2024-02-21T12:09:50 IST" name="m1" finished-at="2024-02-21T12:09:58 IST" duration-ms="8132" status="PASS">
          <reporter-output>
          </reporter-output>
        </test-method> <!-- m1 -->
      </class> <!-- testscripts.TestScript_01 -->
    </test> <!-- Default test -->
  </suite> <!-- Default suite -->
</testng-results>
